
[Tue Oct 17 23:43:26 2023
] Error: Error en la columna 2 del CSV Datos del Algoritmo el encabezado deberia ser Hora Inicial y es Dia Inicial
[Tue Oct 17 23:43:26 2023
] Error: Fallo en la lectura de los datos de entrada
[Tue Oct 17 23:43:26 2023
] Error: Los encabezados del algoritmo no son correctos

[Tue Oct 17 23:43:26 2023
] Error: Los datos del algoritmo son incorrectos

[Tue Oct 17 23:43:26 2023
] Error: Fallo las entradas son incorrectas
[Wed Oct 18 00:21:05 2023
] Error: Error en la columna 10 del CSV Datos del Algoritmo el encabezado deberia ser Resolucion Minutos y es Resolucion Minutos

[Wed Oct 18 00:21:05 2023
] Error: Fallo en la lectura de los datos de entrada
[Wed Oct 18 00:21:05 2023
] Error: Los encabezados del algoritmo no son correctos

[Wed Oct 18 00:21:05 2023
] Error: Los datos del algoritmo son incorrectos

[Wed Oct 18 00:21:05 2023
] Error: Fallo las entradas son incorrectas
[Wed Oct 18 00:22:20 2023
] Error: Fallo en la comprobacion de los datos del algoritmo
[Wed Oct 18 00:22:46 2023
] Error: Error en la columna 10 del CSV Datos del Algoritmo el encabezado deberia ser Resolucion Minutos y es Resolucion Minutos

[Wed Oct 18 00:22:46 2023
] Error: Fallo en la lectura de los datos de entrada
[Wed Oct 18 00:22:46 2023
] Error: Los encabezados del algoritmo no son correctos

[Wed Oct 18 00:22:46 2023
] Error: Los datos del algoritmo son incorrectos

[Wed Oct 18 00:22:47 2023
] Error: Fallo las entradas son incorrectas
[Wed Oct 18 00:28:29 2023
] Error: Fallo en la comprobación de los datos de los terminales
[Wed Oct 18 00:29:55 2023
] Error: Fallo en la comprobación de los datos de los terminales
[Wed Oct 18 00:30:31 2023
] Error: Error en la columna 10 del CSV Datos del Algoritmo el encabezado deberia ser Resolucion Minutos y es Resolucion Minutos

[Wed Oct 18 00:30:31 2023
] Error: Fallo en la lectura de los datos de entrada
[Wed Oct 18 00:30:31 2023
] Error: Los encabezados del algoritmo no son correctos

[Wed Oct 18 00:30:31 2023
] Error: Los datos del algoritmo son incorrectos

[Wed Oct 18 00:30:31 2023
] Error: Fallo las entradas son incorrectas
[Wed Oct 18 00:35:58 2023
] Error: Fallo en la comprobacion de los datos del algoritmo
[Wed Oct 18 00:36:20 2023
] Error: Error en la columna 10 del CSV Datos del Algoritmo el encabezado deberia ser Resolucion Minutos y es Resolucion Minutos

[Wed Oct 18 00:36:20 2023
] Error: Fallo en la lectura de los datos de entrada
[Wed Oct 18 00:36:20 2023
] Error: Los encabezados del algoritmo no son correctos

[Wed Oct 18 00:36:20 2023
] Error: Los datos del algoritmo son incorrectos

[Wed Oct 18 00:36:20 2023
] Error: Fallo las entradas son incorrectas
[Wed Oct 18 00:37:59 2023
] Error: Error en la columna 10 del CSV Datos del Algoritmo el encabezado deberia ser Resolucion Minutos y es Resolucion Minutos

[Wed Oct 18 00:37:59 2023
] Error: Fallo en la lectura de los datos de entrada
[Wed Oct 18 00:37:59 2023
] Error: Los encabezados del algoritmo no son correctos

[Wed Oct 18 00:37:59 2023
] Error: Los datos del algoritmo son incorrectos

[Wed Oct 18 00:37:59 2023
] Error: Fallo las entradas son incorrectas
[Wed Oct 18 00:39:58 2023
] Error: Error en la columna 10 del CSV Datos del Algoritmo el encabezado deberia ser Resolucion Minutos y es Resolucion Minutos

[Wed Oct 18 00:39:58 2023
] Error: Fallo en la lectura de los datos de entrada
[Wed Oct 18 00:39:58 2023
] Error: Los encabezados del algoritmo no son correctos

[Wed Oct 18 00:39:58 2023
] Error: Los datos del algoritmo son incorrectos

[Wed Oct 18 00:39:58 2023
] Error: Fallo las entradas son incorrectas
[Wed Oct 18 00:43:11 2023
] Error: Error en la columna 10 del CSV Datos del Algoritmo el encabezado deberia ser Resolucion Minutos y es Resolucion Minutos

[Wed Oct 18 00:43:11 2023
] Error: Fallo en la lectura de los datos de entrada
[Wed Oct 18 00:43:11 2023
] Error: Los encabezados del algoritmo no son correctos

[Wed Oct 18 00:43:11 2023
] Error: Los datos del algoritmo son incorrectos

[Wed Oct 18 00:43:11 2023
] Error: Fallo las entradas son incorrectas
[Wed Oct 18 00:46:33 2023
] Error: Error en la columna 10 del CSV Datos del Algoritmo el encabezado deberia ser Resolucion Minutos y es Resolucion Minutos

[Wed Oct 18 00:46:34 2023
] Error: Fallo en la lectura de los datos de entrada
[Wed Oct 18 00:46:34 2023
] Error: Los encabezados del algoritmo no son correctos

[Wed Oct 18 00:46:34 2023
] Error: Los datos del algoritmo son incorrectos

[Wed Oct 18 00:46:34 2023
] Error: Fallo las entradas son incorrectas
[Wed Oct 18 00:46:58 2023
] Error: Error en la columna 10 del CSV Datos del Algoritmo el encabezado deberia ser Resolucion Minutos y es Resolucion Minutos

[Wed Oct 18 00:46:58 2023
] Error: Fallo en la lectura de los datos de entrada
[Wed Oct 18 00:46:58 2023
] Error: Los encabezados del algoritmo no son correctos

[Wed Oct 18 00:46:58 2023
] Error: Los datos del algoritmo son incorrectos

[Wed Oct 18 00:46:58 2023
] Error: Fallo las entradas son incorrectas
